<?xml version="1.0" encoding="UTF-8"?>
<testsuite name="fun.krol.oauthtwo.client.OAuthClientTest" tests="1" skipped="0" failures="0" errors="0" timestamp="2022-06-05T20:30:08" hostname="vitalij" time="0.773">
  <properties/>
  <testcase name="testTakeAccessTokens()" classname="fun.krol.oauthtwo.client.OAuthClientTest" time="0.773"/>
  <system-out><![CDATA[]]></system-out>
  <system-err><![CDATA[SLF4J: Failed to load class "org.slf4j.impl.StaticLoggerBinder".
SLF4J: Defaulting to no-operation (NOP) logger implementation
SLF4J: See http://www.slf4j.org/codes.html#StaticLoggerBinder for further details.
]]></system-err>
</testsuite>
